[debug] [2023-02-06T12:22:54.484Z] ----------------------------------------------------------------------
[debug] [2023-02-06T12:22:54.488Z] Command:       C:\Program Files\nodejs\node.exe C:\Users\LEO\AppData\Roaming\npm\node_modules\firebase-tools\lib\bin\firebase.js deploy
[debug] [2023-02-06T12:22:54.489Z] CLI Version:   11.22.0
[debug] [2023-02-06T12:22:54.489Z] Platform:      win32
[debug] [2023-02-06T12:22:54.489Z] Node Version:  v16.17.1
[debug] [2023-02-06T12:22:54.491Z] Time:          Mon Feb 06 2023 13:22:54 GMT+0100 (West Africa Standard Time)
[debug] [2023-02-06T12:22:54.492Z] ----------------------------------------------------------------------
[debug] 
[debug] [2023-02-06T12:22:54.801Z] > command requires scopes: ["email","openid","https://www.googleapis.com/auth/cloudplatformprojects.readonly","https://www.googleapis.com/auth/firebase","https://www.googleapis.com/auth/cloud-platform"]
[debug] [2023-02-06T12:22:54.802Z] > authorizing via signed-in user (chebesiawah@gmail.com)
[debug] [2023-02-06T12:22:54.803Z] [iam] checking project tiktok-clone-7fe70 for permissions ["firebase.projects.get","firebasehosting.sites.update"]
[debug] [2023-02-06T12:22:54.810Z] >>> [apiv2][query] POST https://cloudresourcemanager.googleapis.com/v1/projects/tiktok-clone-7fe70:testIamPermissions [none]
[debug] [2023-02-06T12:22:54.811Z] >>> [apiv2][(partial)header] POST https://cloudresourcemanager.googleapis.com/v1/projects/tiktok-clone-7fe70:testIamPermissions x-goog-quota-user=projects/tiktok-clone-7fe70
[debug] [2023-02-06T12:22:54.811Z] >>> [apiv2][body] POST https://cloudresourcemanager.googleapis.com/v1/projects/tiktok-clone-7fe70:testIamPermissions {"permissions":["firebase.projects.get","firebasehosting.sites.update"]}
[debug] [2023-02-06T12:22:56.449Z] <<< [apiv2][status] POST https://cloudresourcemanager.googleapis.com/v1/projects/tiktok-clone-7fe70:testIamPermissions 200
[debug] [2023-02-06T12:22:56.450Z] <<< [apiv2][body] POST https://cloudresourcemanager.googleapis.com/v1/projects/tiktok-clone-7fe70:testIamPermissions {"permissions":["firebase.projects.get","firebasehosting.sites.update"]}
[debug] [2023-02-06T12:22:56.452Z] >>> [apiv2][query] GET https://firebase.googleapis.com/v1beta1/projects/tiktok-clone-7fe70 [none]
[debug] [2023-02-06T12:22:57.569Z] <<< [apiv2][status] GET https://firebase.googleapis.com/v1beta1/projects/tiktok-clone-7fe70 200
[debug] [2023-02-06T12:22:57.570Z] <<< [apiv2][body] GET https://firebase.googleapis.com/v1beta1/projects/tiktok-clone-7fe70 {"projectId":"tiktok-clone-7fe70","projectNumber":"668923023388","displayName":"tiktok-clone","name":"projects/tiktok-clone-7fe70","resources":{"hostingSite":"tiktok-clone-7fe70"},"state":"ACTIVE","etag":"1_b779cb63-c577-448c-be6b-e91c111a9eec"}
[info] 
[info] === Deploying to 'tiktok-clone-7fe70'...
[info] 
[info] i  deploying hosting 
[debug] [2023-02-06T12:22:57.586Z] >>> [apiv2][query] POST https://firebasehosting.googleapis.com/v1beta1/projects/-/sites/tiktok-clone-7fe70/versions [none]
[debug] [2023-02-06T12:22:57.586Z] >>> [apiv2][body] POST https://firebasehosting.googleapis.com/v1beta1/projects/-/sites/tiktok-clone-7fe70/versions {"status":"CREATED","labels":{"deployment-tool":"cli-firebase"}}
[debug] [2023-02-06T12:22:59.972Z] <<< [apiv2][status] POST https://firebasehosting.googleapis.com/v1beta1/projects/-/sites/tiktok-clone-7fe70/versions 200
[debug] [2023-02-06T12:22:59.972Z] <<< [apiv2][body] POST https://firebasehosting.googleapis.com/v1beta1/projects/-/sites/tiktok-clone-7fe70/versions {"name":"projects/668923023388/sites/tiktok-clone-7fe70/versions/8fd3abe7ff225814","status":"CREATED","config":{},"labels":{"deployment-tool":"cli-firebase"}}
[info] i  hosting[tiktok-clone-7fe70]: beginning deploy... 
[info] i  hosting[tiktok-clone-7fe70]: found 15 files in build 
[debug] [2023-02-06T12:23:00.019Z] [hosting] uploading with 200 concurrency
[debug] [2023-02-06T12:23:00.023Z] [hosting] hash cache [YnVpbGQ] not populated
[debug] [2023-02-06T12:23:00.893Z] [hosting] hash cache [YnVpbGQ] stored for 15 files
[debug] [2023-02-06T12:23:00.894Z] [hosting][hash queue][FINAL] {"max":815,"min":83,"avg":147.73333333333332,"active":0,"complete":15,"success":15,"errored":0,"retried":0,"total":15,"elapsed":852}
[debug] [2023-02-06T12:23:00.895Z] >>> [apiv2][query] POST https://firebasehosting.googleapis.com/v1beta1/projects/668923023388/sites/tiktok-clone-7fe70/versions/8fd3abe7ff225814:populateFiles [none]
[debug] [2023-02-06T12:23:00.895Z] >>> [apiv2][body] POST https://firebasehosting.googleapis.com/v1beta1/projects/668923023388/sites/tiktok-clone-7fe70/versions/8fd3abe7ff225814:populateFiles {"files":{"/asset-manifest.json":"5eb8a1315c92cd84297b4df2b35e4d6023d021b7645f6a195aedf60f5d879a11","/index.html":"a8f0f7e909a75bae19a41a80f117ede3abc02ed2f9713e66c7cc6ae765de6c42","/react":"eae62e993eb980ec8a25058c39d5a51feab118bd2100c4deebb2a9c158ec11f9","/manifest.json":"aff3449bdc238776f5d6d967f19ec491b36aed5fb7f23ccff6500736fd58494a","/robots.txt":"bfe106a3fb878dc83461c86818bf74fc1bdc7f28538ba613cd3e775516ce8b49","/static/css/main.ec8630ee.css":"9ab658bfd1087fbae57daa7626cba219337ab6fdfcec105898e4b075853022bf","/static/css/main.ec8630ee.css.map":"2a39f76621cb1fa43dc2e795167a0ab948811cc7cb0f990c0d212eb1c830bc60","/static/js/787.fe00223f.chunk.js":"b68ab0ebd2aa0b917fa10f48954b6c0cd735619377ac9d9818c39114c09bc3da","/favicon.ico":"4aba8fa6b0610dc010c5f794a93ce64cfc2001b483e03c26285de8eb08639584","/static/js/787.fe00223f.chunk.js.map":"845d005374e3d9cb1547c2441fb42627f362fe760b2b820dc8859a62e5697661","/logo192.png":"3ee59515172ee198f3be375979df15ac5345183e656720a381b8872b2a39dc8b","/static/js/main.1e8c59e1.js.LICENSE.txt":"8a982341677bf81b0b414a6558aa1b59aab15bbffa89b87b027a5239dc17f561","/logo512.png":"ee7e2f3fdb8209c4b6fd7bef6ba50d1b9dba30a25bb5c3126df057e1cb6f5331","/static/js/main.1e8c59e1.js":"3352667eda250d584dab1b8102d0c28b8983b367d407f07bcc9d2e0980760ef7","/static/js/main.1e8c59e1.js.map":"62835cb4e2aa0dd54a17f87521f578b66db6f2fcdf09c8d89151597ffb79d27e"}}
[debug] [2023-02-06T12:23:02.454Z] <<< [apiv2][status] POST https://firebasehosting.googleapis.com/v1beta1/projects/668923023388/sites/tiktok-clone-7fe70/versions/8fd3abe7ff225814:populateFiles 200
[debug] [2023-02-06T12:23:02.455Z] <<< [apiv2][body] POST https://firebasehosting.googleapis.com/v1beta1/projects/668923023388/sites/tiktok-clone-7fe70/versions/8fd3abe7ff225814:populateFiles {"uploadRequiredHashes":["845d005374e3d9cb1547c2441fb42627f362fe760b2b820dc8859a62e5697661","3352667eda250d584dab1b8102d0c28b8983b367d407f07bcc9d2e0980760ef7","9ab658bfd1087fbae57daa7626cba219337ab6fdfcec105898e4b075853022bf","62835cb4e2aa0dd54a17f87521f578b66db6f2fcdf09c8d89151597ffb79d27e","8a982341677bf81b0b414a6558aa1b59aab15bbffa89b87b027a5239dc17f561","4aba8fa6b0610dc010c5f794a93ce64cfc2001b483e03c26285de8eb08639584","5eb8a1315c92cd84297b4df2b35e4d6023d021b7645f6a195aedf60f5d879a11","ee7e2f3fdb8209c4b6fd7bef6ba50d1b9dba30a25bb5c3126df057e1cb6f5331","bfe106a3fb878dc83461c86818bf74fc1bdc7f28538ba613cd3e775516ce8b49","a8f0f7e909a75bae19a41a80f117ede3abc02ed2f9713e66c7cc6ae765de6c42","eae62e993eb980ec8a25058c39d5a51feab118bd2100c4deebb2a9c158ec11f9","2a39f76621cb1fa43dc2e795167a0ab948811cc7cb0f990c0d212eb1c830bc60","3ee59515172ee198f3be375979df15ac5345183e656720a381b8872b2a39dc8b","b68ab0ebd2aa0b917fa10f48954b6c0cd735619377ac9d9818c39114c09bc3da","aff3449bdc238776f5d6d967f19ec491b36aed5fb7f23ccff6500736fd58494a"],"uploadUrl":"https://upload-firebasehosting.googleapis.com/upload/sites/tiktok-clone-7fe70/versions/8fd3abe7ff225814/files"}
[debug] [2023-02-06T12:23:02.460Z] >>> [apiv2][query] POST https://upload-firebasehosting.googleapis.com/upload/sites/tiktok-clone-7fe70/versions/8fd3abe7ff225814/files/845d005374e3d9cb1547c2441fb42627f362fe760b2b820dc8859a62e5697661 [none]
[debug] [2023-02-06T12:23:02.460Z] >>> [apiv2][body] POST https://upload-firebasehosting.googleapis.com/upload/sites/tiktok-clone-7fe70/versions/8fd3abe7ff225814/files/845d005374e3d9cb1547c2441fb42627f362fe760b2b820dc8859a62e5697661 [stream]
[debug] [2023-02-06T12:23:02.462Z] >>> [apiv2][query] POST https://upload-firebasehosting.googleapis.com/upload/sites/tiktok-clone-7fe70/versions/8fd3abe7ff225814/files/3352667eda250d584dab1b8102d0c28b8983b367d407f07bcc9d2e0980760ef7 [none]
[debug] [2023-02-06T12:23:02.462Z] >>> [apiv2][body] POST https://upload-firebasehosting.googleapis.com/upload/sites/tiktok-clone-7fe70/versions/8fd3abe7ff225814/files/3352667eda250d584dab1b8102d0c28b8983b367d407f07bcc9d2e0980760ef7 [stream]
[debug] [2023-02-06T12:23:02.465Z] >>> [apiv2][query] POST https://upload-firebasehosting.googleapis.com/upload/sites/tiktok-clone-7fe70/versions/8fd3abe7ff225814/files/9ab658bfd1087fbae57daa7626cba219337ab6fdfcec105898e4b075853022bf [none]
[debug] [2023-02-06T12:23:02.465Z] >>> [apiv2][body] POST https://upload-firebasehosting.googleapis.com/upload/sites/tiktok-clone-7fe70/versions/8fd3abe7ff225814/files/9ab658bfd1087fbae57daa7626cba219337ab6fdfcec105898e4b075853022bf [stream]
[debug] [2023-02-06T12:23:02.466Z] >>> [apiv2][query] POST https://upload-firebasehosting.googleapis.com/upload/sites/tiktok-clone-7fe70/versions/8fd3abe7ff225814/files/62835cb4e2aa0dd54a17f87521f578b66db6f2fcdf09c8d89151597ffb79d27e [none]
[debug] [2023-02-06T12:23:02.467Z] >>> [apiv2][body] POST https://upload-firebasehosting.googleapis.com/upload/sites/tiktok-clone-7fe70/versions/8fd3abe7ff225814/files/62835cb4e2aa0dd54a17f87521f578b66db6f2fcdf09c8d89151597ffb79d27e [stream]
[debug] [2023-02-06T12:23:02.468Z] >>> [apiv2][query] POST https://upload-firebasehosting.googleapis.com/upload/sites/tiktok-clone-7fe70/versions/8fd3abe7ff225814/files/8a982341677bf81b0b414a6558aa1b59aab15bbffa89b87b027a5239dc17f561 [none]
[debug] [2023-02-06T12:23:02.469Z] >>> [apiv2][body] POST https://upload-firebasehosting.googleapis.com/upload/sites/tiktok-clone-7fe70/versions/8fd3abe7ff225814/files/8a982341677bf81b0b414a6558aa1b59aab15bbffa89b87b027a5239dc17f561 [stream]
[debug] [2023-02-06T12:23:02.471Z] >>> [apiv2][query] POST https://upload-firebasehosting.googleapis.com/upload/sites/tiktok-clone-7fe70/versions/8fd3abe7ff225814/files/4aba8fa6b0610dc010c5f794a93ce64cfc2001b483e03c26285de8eb08639584 [none]
[debug] [2023-02-06T12:23:02.471Z] >>> [apiv2][body] POST https://upload-firebasehosting.googleapis.com/upload/sites/tiktok-clone-7fe70/versions/8fd3abe7ff225814/files/4aba8fa6b0610dc010c5f794a93ce64cfc2001b483e03c26285de8eb08639584 [stream]
[debug] [2023-02-06T12:23:02.473Z] >>> [apiv2][query] POST https://upload-firebasehosting.googleapis.com/upload/sites/tiktok-clone-7fe70/versions/8fd3abe7ff225814/files/5eb8a1315c92cd84297b4df2b35e4d6023d021b7645f6a195aedf60f5d879a11 [none]
[debug] [2023-02-06T12:23:02.473Z] >>> [apiv2][body] POST https://upload-firebasehosting.googleapis.com/upload/sites/tiktok-clone-7fe70/versions/8fd3abe7ff225814/files/5eb8a1315c92cd84297b4df2b35e4d6023d021b7645f6a195aedf60f5d879a11 [stream]
[debug] [2023-02-06T12:23:02.475Z] >>> [apiv2][query] POST https://upload-firebasehosting.googleapis.com/upload/sites/tiktok-clone-7fe70/versions/8fd3abe7ff225814/files/ee7e2f3fdb8209c4b6fd7bef6ba50d1b9dba30a25bb5c3126df057e1cb6f5331 [none]
[debug] [2023-02-06T12:23:02.475Z] >>> [apiv2][body] POST https://upload-firebasehosting.googleapis.com/upload/sites/tiktok-clone-7fe70/versions/8fd3abe7ff225814/files/ee7e2f3fdb8209c4b6fd7bef6ba50d1b9dba30a25bb5c3126df057e1cb6f5331 [stream]
[debug] [2023-02-06T12:23:02.477Z] >>> [apiv2][query] POST https://upload-firebasehosting.googleapis.com/upload/sites/tiktok-clone-7fe70/versions/8fd3abe7ff225814/files/bfe106a3fb878dc83461c86818bf74fc1bdc7f28538ba613cd3e775516ce8b49 [none]
[debug] [2023-02-06T12:23:02.477Z] >>> [apiv2][body] POST https://upload-firebasehosting.googleapis.com/upload/sites/tiktok-clone-7fe70/versions/8fd3abe7ff225814/files/bfe106a3fb878dc83461c86818bf74fc1bdc7f28538ba613cd3e775516ce8b49 [stream]
[debug] [2023-02-06T12:23:02.479Z] >>> [apiv2][query] POST https://upload-firebasehosting.googleapis.com/upload/sites/tiktok-clone-7fe70/versions/8fd3abe7ff225814/files/a8f0f7e909a75bae19a41a80f117ede3abc02ed2f9713e66c7cc6ae765de6c42 [none]
[debug] [2023-02-06T12:23:02.479Z] >>> [apiv2][body] POST https://upload-firebasehosting.googleapis.com/upload/sites/tiktok-clone-7fe70/versions/8fd3abe7ff225814/files/a8f0f7e909a75bae19a41a80f117ede3abc02ed2f9713e66c7cc6ae765de6c42 [stream]
[debug] [2023-02-06T12:23:02.480Z] >>> [apiv2][query] POST https://upload-firebasehosting.googleapis.com/upload/sites/tiktok-clone-7fe70/versions/8fd3abe7ff225814/files/eae62e993eb980ec8a25058c39d5a51feab118bd2100c4deebb2a9c158ec11f9 [none]
[debug] [2023-02-06T12:23:02.480Z] >>> [apiv2][body] POST https://upload-firebasehosting.googleapis.com/upload/sites/tiktok-clone-7fe70/versions/8fd3abe7ff225814/files/eae62e993eb980ec8a25058c39d5a51feab118bd2100c4deebb2a9c158ec11f9 [stream]
[debug] [2023-02-06T12:23:02.482Z] >>> [apiv2][query] POST https://upload-firebasehosting.googleapis.com/upload/sites/tiktok-clone-7fe70/versions/8fd3abe7ff225814/files/2a39f76621cb1fa43dc2e795167a0ab948811cc7cb0f990c0d212eb1c830bc60 [none]
[debug] [2023-02-06T12:23:02.482Z] >>> [apiv2][body] POST https://upload-firebasehosting.googleapis.com/upload/sites/tiktok-clone-7fe70/versions/8fd3abe7ff225814/files/2a39f76621cb1fa43dc2e795167a0ab948811cc7cb0f990c0d212eb1c830bc60 [stream]
[debug] [2023-02-06T12:23:02.484Z] >>> [apiv2][query] POST https://upload-firebasehosting.googleapis.com/upload/sites/tiktok-clone-7fe70/versions/8fd3abe7ff225814/files/3ee59515172ee198f3be375979df15ac5345183e656720a381b8872b2a39dc8b [none]
[debug] [2023-02-06T12:23:02.484Z] >>> [apiv2][body] POST https://upload-firebasehosting.googleapis.com/upload/sites/tiktok-clone-7fe70/versions/8fd3abe7ff225814/files/3ee59515172ee198f3be375979df15ac5345183e656720a381b8872b2a39dc8b [stream]
[debug] [2023-02-06T12:23:02.485Z] >>> [apiv2][query] POST https://upload-firebasehosting.googleapis.com/upload/sites/tiktok-clone-7fe70/versions/8fd3abe7ff225814/files/b68ab0ebd2aa0b917fa10f48954b6c0cd735619377ac9d9818c39114c09bc3da [none]
[debug] [2023-02-06T12:23:02.486Z] >>> [apiv2][body] POST https://upload-firebasehosting.googleapis.com/upload/sites/tiktok-clone-7fe70/versions/8fd3abe7ff225814/files/b68ab0ebd2aa0b917fa10f48954b6c0cd735619377ac9d9818c39114c09bc3da [stream]
[debug] [2023-02-06T12:23:02.491Z] >>> [apiv2][query] POST https://upload-firebasehosting.googleapis.com/upload/sites/tiktok-clone-7fe70/versions/8fd3abe7ff225814/files/aff3449bdc238776f5d6d967f19ec491b36aed5fb7f23ccff6500736fd58494a [none]
[debug] [2023-02-06T12:23:02.492Z] >>> [apiv2][body] POST https://upload-firebasehosting.googleapis.com/upload/sites/tiktok-clone-7fe70/versions/8fd3abe7ff225814/files/aff3449bdc238776f5d6d967f19ec491b36aed5fb7f23ccff6500736fd58494a [stream]
[debug] [2023-02-06T12:23:02.493Z] [hosting][populate queue][FINAL] {"max":1570,"min":1570,"avg":1570,"active":0,"complete":1,"success":1,"errored":0,"retried":0,"total":1,"elapsed":1603}
[debug] [2023-02-06T12:23:02.493Z] [hosting] uploads queued: 15
[debug] [2023-02-06T12:23:04.249Z] <<< [apiv2][status] POST https://upload-firebasehosting.googleapis.com/upload/sites/tiktok-clone-7fe70/versions/8fd3abe7ff225814/files/845d005374e3d9cb1547c2441fb42627f362fe760b2b820dc8859a62e5697661 200
[debug] [2023-02-06T12:23:04.249Z] <<< [apiv2][body] POST https://upload-firebasehosting.googleapis.com/upload/sites/tiktok-clone-7fe70/versions/8fd3abe7ff225814/files/845d005374e3d9cb1547c2441fb42627f362fe760b2b820dc8859a62e5697661 [stream]
[debug] [2023-02-06T12:23:04.621Z] <<< [apiv2][status] POST https://upload-firebasehosting.googleapis.com/upload/sites/tiktok-clone-7fe70/versions/8fd3abe7ff225814/files/ee7e2f3fdb8209c4b6fd7bef6ba50d1b9dba30a25bb5c3126df057e1cb6f5331 200
[debug] [2023-02-06T12:23:04.621Z] <<< [apiv2][body] POST https://upload-firebasehosting.googleapis.com/upload/sites/tiktok-clone-7fe70/versions/8fd3abe7ff225814/files/ee7e2f3fdb8209c4b6fd7bef6ba50d1b9dba30a25bb5c3126df057e1cb6f5331 [stream]
[debug] [2023-02-06T12:23:04.636Z] <<< [apiv2][status] POST https://upload-firebasehosting.googleapis.com/upload/sites/tiktok-clone-7fe70/versions/8fd3abe7ff225814/files/b68ab0ebd2aa0b917fa10f48954b6c0cd735619377ac9d9818c39114c09bc3da 200
[debug] [2023-02-06T12:23:04.636Z] <<< [apiv2][body] POST https://upload-firebasehosting.googleapis.com/upload/sites/tiktok-clone-7fe70/versions/8fd3abe7ff225814/files/b68ab0ebd2aa0b917fa10f48954b6c0cd735619377ac9d9818c39114c09bc3da [stream]
[debug] [2023-02-06T12:23:04.704Z] <<< [apiv2][status] POST https://upload-firebasehosting.googleapis.com/upload/sites/tiktok-clone-7fe70/versions/8fd3abe7ff225814/files/3ee59515172ee198f3be375979df15ac5345183e656720a381b8872b2a39dc8b 200
[debug] [2023-02-06T12:23:04.705Z] <<< [apiv2][body] POST https://upload-firebasehosting.googleapis.com/upload/sites/tiktok-clone-7fe70/versions/8fd3abe7ff225814/files/3ee59515172ee198f3be375979df15ac5345183e656720a381b8872b2a39dc8b [stream]
[debug] [2023-02-06T12:23:04.894Z] <<< [apiv2][status] POST https://upload-firebasehosting.googleapis.com/upload/sites/tiktok-clone-7fe70/versions/8fd3abe7ff225814/files/eae62e993eb980ec8a25058c39d5a51feab118bd2100c4deebb2a9c158ec11f9 200
[debug] [2023-02-06T12:23:04.895Z] <<< [apiv2][body] POST https://upload-firebasehosting.googleapis.com/upload/sites/tiktok-clone-7fe70/versions/8fd3abe7ff225814/files/eae62e993eb980ec8a25058c39d5a51feab118bd2100c4deebb2a9c158ec11f9 [stream]
[debug] [2023-02-06T12:23:04.899Z] <<< [apiv2][status] POST https://upload-firebasehosting.googleapis.com/upload/sites/tiktok-clone-7fe70/versions/8fd3abe7ff225814/files/4aba8fa6b0610dc010c5f794a93ce64cfc2001b483e03c26285de8eb08639584 200
[debug] [2023-02-06T12:23:04.899Z] <<< [apiv2][body] POST https://upload-firebasehosting.googleapis.com/upload/sites/tiktok-clone-7fe70/versions/8fd3abe7ff225814/files/4aba8fa6b0610dc010c5f794a93ce64cfc2001b483e03c26285de8eb08639584 [stream]
[debug] [2023-02-06T12:23:04.918Z] <<< [apiv2][status] POST https://upload-firebasehosting.googleapis.com/upload/sites/tiktok-clone-7fe70/versions/8fd3abe7ff225814/files/2a39f76621cb1fa43dc2e795167a0ab948811cc7cb0f990c0d212eb1c830bc60 200
[debug] [2023-02-06T12:23:04.919Z] <<< [apiv2][body] POST https://upload-firebasehosting.googleapis.com/upload/sites/tiktok-clone-7fe70/versions/8fd3abe7ff225814/files/2a39f76621cb1fa43dc2e795167a0ab948811cc7cb0f990c0d212eb1c830bc60 [stream]
[debug] [2023-02-06T12:23:04.966Z] <<< [apiv2][status] POST https://upload-firebasehosting.googleapis.com/upload/sites/tiktok-clone-7fe70/versions/8fd3abe7ff225814/files/8a982341677bf81b0b414a6558aa1b59aab15bbffa89b87b027a5239dc17f561 200
[debug] [2023-02-06T12:23:04.966Z] <<< [apiv2][body] POST https://upload-firebasehosting.googleapis.com/upload/sites/tiktok-clone-7fe70/versions/8fd3abe7ff225814/files/8a982341677bf81b0b414a6558aa1b59aab15bbffa89b87b027a5239dc17f561 [stream]
[debug] [2023-02-06T12:23:05.081Z] <<< [apiv2][status] POST https://upload-firebasehosting.googleapis.com/upload/sites/tiktok-clone-7fe70/versions/8fd3abe7ff225814/files/bfe106a3fb878dc83461c86818bf74fc1bdc7f28538ba613cd3e775516ce8b49 200
[debug] [2023-02-06T12:23:05.081Z] <<< [apiv2][body] POST https://upload-firebasehosting.googleapis.com/upload/sites/tiktok-clone-7fe70/versions/8fd3abe7ff225814/files/bfe106a3fb878dc83461c86818bf74fc1bdc7f28538ba613cd3e775516ce8b49 [stream]
[debug] [2023-02-06T12:23:05.185Z] <<< [apiv2][status] POST https://upload-firebasehosting.googleapis.com/upload/sites/tiktok-clone-7fe70/versions/8fd3abe7ff225814/files/aff3449bdc238776f5d6d967f19ec491b36aed5fb7f23ccff6500736fd58494a 200
[debug] [2023-02-06T12:23:05.186Z] <<< [apiv2][body] POST https://upload-firebasehosting.googleapis.com/upload/sites/tiktok-clone-7fe70/versions/8fd3abe7ff225814/files/aff3449bdc238776f5d6d967f19ec491b36aed5fb7f23ccff6500736fd58494a [stream]
[debug] [2023-02-06T12:23:05.218Z] <<< [apiv2][status] POST https://upload-firebasehosting.googleapis.com/upload/sites/tiktok-clone-7fe70/versions/8fd3abe7ff225814/files/5eb8a1315c92cd84297b4df2b35e4d6023d021b7645f6a195aedf60f5d879a11 200
[debug] [2023-02-06T12:23:05.218Z] <<< [apiv2][body] POST https://upload-firebasehosting.googleapis.com/upload/sites/tiktok-clone-7fe70/versions/8fd3abe7ff225814/files/5eb8a1315c92cd84297b4df2b35e4d6023d021b7645f6a195aedf60f5d879a11 [stream]
[debug] [2023-02-06T12:23:05.219Z] <<< [apiv2][status] POST https://upload-firebasehosting.googleapis.com/upload/sites/tiktok-clone-7fe70/versions/8fd3abe7ff225814/files/9ab658bfd1087fbae57daa7626cba219337ab6fdfcec105898e4b075853022bf 200
[debug] [2023-02-06T12:23:05.219Z] <<< [apiv2][body] POST https://upload-firebasehosting.googleapis.com/upload/sites/tiktok-clone-7fe70/versions/8fd3abe7ff225814/files/9ab658bfd1087fbae57daa7626cba219337ab6fdfcec105898e4b075853022bf [stream]
[debug] [2023-02-06T12:23:05.336Z] <<< [apiv2][status] POST https://upload-firebasehosting.googleapis.com/upload/sites/tiktok-clone-7fe70/versions/8fd3abe7ff225814/files/a8f0f7e909a75bae19a41a80f117ede3abc02ed2f9713e66c7cc6ae765de6c42 200
[debug] [2023-02-06T12:23:05.336Z] <<< [apiv2][body] POST https://upload-firebasehosting.googleapis.com/upload/sites/tiktok-clone-7fe70/versions/8fd3abe7ff225814/files/a8f0f7e909a75bae19a41a80f117ede3abc02ed2f9713e66c7cc6ae765de6c42 [stream]
[debug] [2023-02-06T12:23:07.156Z] <<< [apiv2][status] POST https://upload-firebasehosting.googleapis.com/upload/sites/tiktok-clone-7fe70/versions/8fd3abe7ff225814/files/3352667eda250d584dab1b8102d0c28b8983b367d407f07bcc9d2e0980760ef7 200
[debug] [2023-02-06T12:23:07.157Z] <<< [apiv2][body] POST https://upload-firebasehosting.googleapis.com/upload/sites/tiktok-clone-7fe70/versions/8fd3abe7ff225814/files/3352667eda250d584dab1b8102d0c28b8983b367d407f07bcc9d2e0980760ef7 [stream]
